C:\Program Files\Microsoft Visual Studio\2022\Community\MSBuild\Microsoft\VC\v170\Microsoft.Cpp.Analysis.props(24,5): warning MSB4211: The property "MsvcAnalysisPluginPath" is being set to a value for the first time, but it was already consumed at "C:\Program Files\Microsoft Visual Studio\2022\Community\MSBuild\Microsoft\VC\v170\Microsoft.CodeAnalysis.Extensions.props (33,5)".
  BaseMenu.cpp
D:\Unreal Projects\MultiplayerPhaaS\Encrypted\sdk\steamworksexample\stdafx.h(58,10): fatal  error C1083: Cannot open include file: 'd3dx9.h': No such file or directory
  clanchatroom.cpp
D:\Unreal Projects\MultiplayerPhaaS\Encrypted\sdk\steamworksexample\stdafx.h(58,10): fatal  error C1083: Cannot open include file: 'd3dx9.h': No such file or directory
  connectingmenu.cpp
D:\Unreal Projects\MultiplayerPhaaS\Encrypted\sdk\steamworksexample\stdafx.h(58,10): fatal  error C1083: Cannot open include file: 'd3dx9.h': No such file or directory
  Friends.cpp
D:\Unreal Projects\MultiplayerPhaaS\Encrypted\sdk\steamworksexample\stdafx.h(58,10): fatal  error C1083: Cannot open include file: 'd3dx9.h': No such file or directory
  gameenginewin32.cpp
D:\Unreal Projects\MultiplayerPhaaS\Encrypted\sdk\steamworksexample\stdafx.h(58,10): fatal  error C1083: Cannot open include file: 'd3dx9.h': No such file or directory
  htmlsurface.cpp
D:\Unreal Projects\MultiplayerPhaaS\Encrypted\sdk\steamworksexample\stdafx.h(58,10): fatal  error C1083: Cannot open include file: 'd3dx9.h': No such file or directory
  Inventory.cpp
D:\Unreal Projects\MultiplayerPhaaS\Encrypted\sdk\steamworksexample\stdafx.h(58,10): fatal  error C1083: Cannot open include file: 'd3dx9.h': No such file or directory
  Leaderboards.cpp
D:\Unreal Projects\MultiplayerPhaaS\Encrypted\sdk\steamworksexample\stdafx.h(58,10): fatal  error C1083: Cannot open include file: 'd3dx9.h': No such file or directory
  Lobby.cpp
D:\Unreal Projects\MultiplayerPhaaS\Encrypted\sdk\steamworksexample\stdafx.h(58,10): fatal  error C1083: Cannot open include file: 'd3dx9.h': No such file or directory
  Main.cpp
D:\Unreal Projects\MultiplayerPhaaS\Encrypted\sdk\steamworksexample\stdafx.h(58,10): fatal  error C1083: Cannot open include file: 'd3dx9.h': No such file or directory
  MainMenu.cpp
D:\Unreal Projects\MultiplayerPhaaS\Encrypted\sdk\steamworksexample\stdafx.h(58,10): fatal  error C1083: Cannot open include file: 'd3dx9.h': No such file or directory
  musicplayer.cpp
D:\Unreal Projects\MultiplayerPhaaS\Encrypted\sdk\steamworksexample\stdafx.h(58,10): fatal  error C1083: Cannot open include file: 'd3dx9.h': No such file or directory
  p2pauth.cpp
D:\Unreal Projects\MultiplayerPhaaS\Encrypted\sdk\steamworksexample\stdafx.h(58,10): fatal  error C1083: Cannot open include file: 'd3dx9.h': No such file or directory
  PhotonBeam.cpp
D:\Unreal Projects\MultiplayerPhaaS\Encrypted\sdk\steamworksexample\stdafx.h(58,10): fatal  error C1083: Cannot open include file: 'd3dx9.h': No such file or directory
  QuitMenu.cpp
D:\Unreal Projects\MultiplayerPhaaS\Encrypted\sdk\steamworksexample\stdafx.h(58,10): fatal  error C1083: Cannot open include file: 'd3dx9.h': No such file or directory
  RemotePlay.cpp
D:\Unreal Projects\MultiplayerPhaaS\Encrypted\sdk\steamworksexample\stdafx.h(58,10): fatal  error C1083: Cannot open include file: 'd3dx9.h': No such file or directory
  RemoteStorage.cpp
D:\Unreal Projects\MultiplayerPhaaS\Encrypted\sdk\steamworksexample\stdafx.h(58,10): fatal  error C1083: Cannot open include file: 'd3dx9.h': No such file or directory
  ServerBrowser.cpp
D:\Unreal Projects\MultiplayerPhaaS\Encrypted\sdk\steamworksexample\stdafx.h(58,10): fatal  error C1083: Cannot open include file: 'd3dx9.h': No such file or directory
  Ship.cpp
D:\Unreal Projects\MultiplayerPhaaS\Encrypted\sdk\steamworksexample\stdafx.h(58,10): fatal  error C1083: Cannot open include file: 'd3dx9.h': No such file or directory
  SpaceWarClient.cpp
D:\Unreal Projects\MultiplayerPhaaS\Encrypted\sdk\steamworksexample\stdafx.h(58,10): fatal  error C1083: Cannot open include file: 'd3dx9.h': No such file or directory
  Compiling...
  SpaceWarEntity.cpp
D:\Unreal Projects\MultiplayerPhaaS\Encrypted\sdk\steamworksexample\stdafx.h(58,10): fatal  error C1083: Cannot open include file: 'd3dx9.h': No such file or directory
  SpaceWarServer.cpp
D:\Unreal Projects\MultiplayerPhaaS\Encrypted\sdk\steamworksexample\stdafx.h(58,10): fatal  error C1083: Cannot open include file: 'd3dx9.h': No such file or directory
  StarField.cpp
